{
  "RSpec": {
    "coverage": {
      "/Users/hamisharro/Projects/Makers/Week_10/gilded_rose/spec/gilded_rose_spec.rb": {
        "lines": [
          1,
          null,
          1,
          null,
          1,
          null,
          1,
          null,
          1,
          1,
          1,
          1,
          1,
          null,
          null,
          1,
          1,
          1,
          1,
          1,
          null,
          null,
          1,
          1,
          1,
          1,
          1,
          null,
          null,
          null,
          null,
          1,
          null,
          1,
          1,
          1,
          1,
          1,
          null,
          null,
          1,
          1,
          27,
          1,
          1,
          null,
          null,
          1,
          1,
          27,
          1,
          1,
          null,
          null,
          null,
          null,
          1,
          null,
          1,
          1,
          1,
          1,
          1,
          null,
          null,
          1,
          1,
          1,
          1,
          1,
          null,
          null,
          1,
          1,
          1,
          1,
          1,
          null,
          null,
          1,
          1,
          1,
          1,
          1,
          null,
          null,
          1,
          1,
          1,
          1,
          1,
          null,
          null,
          null,
          null,
          1,
          null,
          1,
          1,
          1,
          1,
          null,
          null,
          1,
          1,
          1,
          1,
          1,
          null,
          null,
          null,
          null,
          1,
          null,
          1,
          1,
          1,
          1,
          1,
          null,
          null,
          1,
          1,
          1,
          1,
          1,
          null,
          null,
          1,
          1,
          1,
          1,
          1,
          null,
          null,
          null,
          null,
          null,
          null
        ]
      },
      "/Users/hamisharro/Projects/Makers/Week_10/gilded_rose/lib/gilded_rose.rb": {
        "lines": [
          1,
          null,
          1,
          66,
          null,
          null,
          1,
          66,
          66,
          64,
          64,
          64,
          64,
          null,
          null,
          null,
          null,
          1,
          64,
          58,
          58,
          null,
          null,
          null,
          1,
          64,
          null,
          null,
          1,
          58,
          5,
          4,
          3,
          null,
          null,
          null,
          1,
          64,
          57,
          null,
          null,
          null,
          1,
          64,
          61,
          59,
          null,
          null,
          null,
          null,
          1,
          1,
          null,
          1,
          16,
          16,
          16,
          null,
          null,
          1,
          0,
          null,
          null
        ]
      }
    },
    "timestamp": 1615543557
  }
}
